<?xml version="1.0" encoding="UTF-8"?>
<!-- Generated by org.testng.reporters.JUnitXMLReporter -->
<testsuite hostname="Focus-QA-29" ignored="1" name="Test1" tests="3" failures="1" timestamp="29 Oct 2018 10:58:04 GMT" time="10474.172" errors="0">
  <testcase name="Masters" time="0.047" classname="com.teyseer.com.teyseer.tests.Masters"/>
  <testcase name="masterSave" time="8270.04" classname="com.teyseer.com.teyseer.tests.Masters"/>
  <testcase name="voucherSaveTest" time="2203.979" classname="com.teyseer.com.teyseer.tests.Transactions">
    <failure type="org.openqa.selenium.TimeoutException" message="Expected condition failed: waiting for element to be clickable: By.xpath: /html/body/section/div[5]/div[1]/div/div/div/div/div[1]/div/div[2]/div[3]/div[2]/div/ul/li[2]/button[5] (tried for 20 second(s) with 500 MILLISECONDS interval)">
      <![CDATA[org.openqa.selenium.TimeoutException: Expected condition failed: waiting for element to be clickable: By.xpath: /html/body/section/div[5]/div[1]/div/div/div/div/div[1]/div/div[2]/div[3]/div[2]/div/ul/li[2]/button[5] (tried for 20 second(s) with 500 MILLISECONDS interval)at org.openqa.selenium.support.ui.WebDriverWait.timeoutException(WebDriverWait.java:82)at org.openqa.selenium.support.ui.FluentWait.until(FluentWait.java:231)at com.teyseer.com.transactions.TransactionBody.transactionBody(TransactionBody.java:438)at com.teyseer.com.teyseer.tests.Transactions.voucherSaveTest(Transactions.java:770)at sun.reflect.NativeMethodAccessorImpl.invoke0(Native Method)at sun.reflect.NativeMethodAccessorImpl.invoke(Unknown Source)at sun.reflect.DelegatingMethodAccessorImpl.invoke(Unknown Source)at java.lang.reflect.Method.invoke(Unknown Source)at org.testng.internal.MethodInvocationHelper.invokeMethod(MethodInvocationHelper.java:124)at org.testng.internal.Invoker.invokeMethod(Invoker.java:571)at org.testng.internal.Invoker.invokeTestMethod(Invoker.java:707)at org.testng.internal.Invoker.invokeTestMethods(Invoker.java:979)at org.testng.internal.TestMethodWorker.invokeTestMethods(TestMethodWorker.java:125)at org.testng.internal.TestMethodWorker.run(TestMethodWorker.java:109)at org.testng.TestRunner.privateRun(TestRunner.java:648)at org.testng.TestRunner.run(TestRunner.java:505)at org.testng.SuiteRunner.runTest(SuiteRunner.java:455)at org.testng.SuiteRunner.runSequentially(SuiteRunner.java:450)at org.testng.SuiteRunner.privateRun(SuiteRunner.java:415)at org.testng.SuiteRunner.run(SuiteRunner.java:364)at org.testng.SuiteRunnerWorker.runSuite(SuiteRunnerWorker.java:52)at org.testng.SuiteRunnerWorker.run(SuiteRunnerWorker.java:84)at org.testng.TestNG.runSuitesSequentially(TestNG.java:1187)at org.testng.TestNG.runSuitesLocally(TestNG.java:1116)at org.testng.TestNG.runSuites(TestNG.java:1028)at org.testng.TestNG.run(TestNG.java:996)at org.testng.remote.AbstractRemoteTestNG.run(AbstractRemoteTestNG.java:114)at org.testng.remote.RemoteTestNG.initAndRun(RemoteTestNG.java:251)at org.testng.remote.RemoteTestNG.main(RemoteTestNG.java:77)Caused by: org.openqa.selenium.NoSuchElementException: Cannot locate an element using By.xpath: /html/body/section/div[5]/div[1]/div/div/div/div/div[1]/div/div[2]/div[3]/div[2]/div/ul/li[2]/button[5]For documentation on this error, please visit: http://seleniumhq.org/exceptions/no_such_element.htmlBuild info: version: '3.8.1', revision: '6e95a6684b', time: '2017-12-01T19:05:14.666Z'System info: host: 'FOCUS-QA-29', ip: '192.168.5.29', os.name: 'Windows 10', os.arch: 'amd64', os.version: '10.0', java.version: '1.8.0_151'Driver info: driver.version: unknownat org.openqa.selenium.support.ui.ExpectedConditions.lambda$findElement$0(ExpectedConditions.java:882)at java.util.Optional.orElseThrow(Unknown Source)at org.openqa.selenium.support.ui.ExpectedConditions.findElement(ExpectedConditions.java:881)at org.openqa.selenium.support.ui.ExpectedConditions.access$000(ExpectedConditions.java:43)at org.openqa.selenium.support.ui.ExpectedConditions$7.apply(ExpectedConditions.java:205)at org.openqa.selenium.support.ui.ExpectedConditions$7.apply(ExpectedConditions.java:201)at org.openqa.selenium.support.ui.ExpectedConditions$22.apply(ExpectedConditions.java:643)at org.openqa.selenium.support.ui.ExpectedConditions$22.apply(ExpectedConditions.java:640)at org.openqa.selenium.support.ui.FluentWait.until(FluentWait.java:208)... 27 more]]>
    </failure>
  </testcase> <!-- voucherSaveTest -->
  <testcase name="@BeforeSuite LaunchApp" time="0.0" classname="com.focus.constants.LaunchApplication">
    <ignored/>
  </testcase> <!-- @BeforeSuite LaunchApp -->
</testsuite> <!-- Test1 -->
